#
# A fatal error has been detected by the Java Runtime Environment:
#
#  EXCEPTION_ACCESS_VIOLATION (0xc0000005) at pc=0x00000001800044cb, pid=1232, tid=8112
#
# JRE version: Java(TM) SE Runtime Environment (10.0.1+10) (build 10.0.1+10)
# Java VM: Java HotSpot(TM) 64-Bit Server VM (10.0.1+10, mixed mode, tiered, compressed oops, g1 gc, windows-amd64)
# Problematic frame:
# C  [rxtxSerial.dll+0x44cb]
#
# No core dump will be written. Minidumps are not enabled by default on client versions of Windows
#
# If you would like to submit a bug report, please visit:
#   http://bugreport.java.com/bugreport/crash.jsp
# The crash happened outside the Java Virtual Machine in native code.
# See problematic frame for where to report the bug.
#

---------------  S U M M A R Y ------------

Command Line: -javaagent:C:\Program Files\JetBrains\IntelliJ IDEA Community Edition 2018.1.2\lib\idea_rt.jar=49772:C:\Program Files\JetBrains\IntelliJ IDEA Community Edition 2018.1.2\bin -Dfile.encoding=UTF-8 UsingSerialTool

Host: Intel(R) Core(TM) i7-7700HQ CPU @ 2.80GHz, 4 cores, 3G,  Windows 10 , 64 bit Build 16299 (10.0.16299.431)
Time: Mon Nov 05 11:33:45 2018 ?¨ª?T?1 TZ 7 ¡À¨º¡Á?¨º¡À?? elapsed time: 0 seconds (0d 0h 0m 0s)

---------------  T H R E A D  ---------------

Current thread (0x0000019b58832800):  JavaThread "main" [_thread_in_native, id=8112, stack(0x00000013eb800000,0x00000013eb900000)]

Stack: [0x00000013eb800000,0x00000013eb900000],  sp=0x00000013eb8fea50,  free space=1018k
Native frames: (J=compiled Java code, j=interpreted, Vv=VM code, C=native code)
C  [rxtxSerial.dll+0x44cb]

Java frames: (J=compiled Java code, j=interpreted, Vv=VM code)
j  gnu.io.RXTXPort.nativeDrain(Z)Z+0
j  gnu.io.RXTXPort$SerialOutputStream.flush()V+92
j  SerialTool.sendToPort(Lgnu/io/SerialPort;[B)V+13
j  UsingSerialTool.sendMessage(Lgnu/io/SerialPort;Ljava/lang/String;)V+18
j  UsingSerialTool.main([Ljava/lang/String;)V+25
v  ~StubRoutines::call_stub

siginfo: EXCEPTION_ACCESS_VIOLATION (0xc0000005), reading address 0xffffffffed2ff15c


Register to memory mapping:

RIP=0x00000001800044cb rxtxSerial.dll
RAX=0x000000000000001c is an unknown value
RBX=0x0000000000000001 is an unknown value
RCX=0x00000013eb8fee2c is pointing into the stack for thread: 0x0000019b58832800
RDX=0x0000000000000000 is an unknown value
RSP=0x00000013eb8fea50 is pointing into the stack for thread: 0x0000019b58832800
RBP=0x0000000000000001 is an unknown value
RSI=0x0000000000000000 is an unknown value
RDI=0x0000019b58832a70 is an unknown value
R8 =0x00000013eb8fe710 is pointing into the stack for thread: 0x0000019b58832800
R9 =0x0000000180000000 rxtxSerial.dll
R10=0x0000000000000000 is an unknown value
R11=0x0000000000000200 is an unknown value
R12=0xffffffffed2ff150 is an unknown value
R13=0x0000000000000000 is an unknown value
R14=0x00000013eb8fef40 is pointing into the stack for thread: 0x0000019b58832800
R15=0x0000019b58832800 is a thread


Registers:
RAX=0x000000000000001c, RBX=0x0000000000000001, RCX=0x00000013eb8fee2c, RDX=0x0000000000000000
RSP=0x00000013eb8fea50, RBP=0x0000000000000001, RSI=0x0000000000000000, RDI=0x0000019b58832a70
R8 =0x00000013eb8fe710, R9 =0x0000000180000000, R10=0x0000000000000000, R11=0x0000000000000200
R12=0xffffffffed2ff150, R13=0x0000000000000000, R14=0x00000013eb8fef40, R15=0x0000019b58832800
RIP=0x00000001800044cb, EFLAGS=0x0000000000010286

Top of Stack: (sp=0x00000013eb8fea50)
0x00000013eb8fea50:   0000019b79c56bc8 000000018001c4c0
0x00000013eb8fea60:   0000000000000000 0000000000000001
0x00000013eb8fea70:   0000000065b0be50 00007ffe8e4faf90
0x00000013eb8fea80:   00000013eb8fef40 0000019b656ede00
0x00000013eb8fea90:   0000019b58832800 0000000065dbdd26
0x00000013eb8feaa0:   0000019b58833450 00000013eb8fec90
0x00000013eb8feab0:   0000019b58833450 00000013eb8fec90
0x00000013eb8feac0:   0000019b5882fe40 0000000065dbd9ac
0x00000013eb8fead0:   00000013eb8feb20 0000019b58832800
0x00000013eb8feae0:   0000019b79f8b6b8 0000019b79f8dc58
0x00000013eb8feaf0:   00000013eb8febd0 0000000065dbdd26
0x00000013eb8feb00:   0000019b79c56bc8 0000019b5882fe40
0x00000013eb8feb10:   0000019b79c50000 000000006586736d
0x00000013eb8feb20:   0000000000000000 0000000065dbd5c8
0x00000013eb8feb30:   00000013eb8febd0 0000019b00000004
0x00000013eb8feb40:   0000000079770000 0000019b58832800 

Instructions: (pc=0x00000001800044cb)
0x00000001800044ab:   1f 48 8b d3 48 8b cf 41 ff 93 b8 00 00 00 45 84
0x00000001800044bb:   ed 0f 85 b7 00 00 00 4d 85 e4 0f 84 ae 00 00 00
0x00000001800044cb:   41 83 7c 24 0c 00 0f 84 a2 00 00 00 48 8d 4c 24
0x00000001800044db:   38 49 8b d4 41 b8 40 03 00 00 e8 06 64 00 00 4c 



---------------  P R O C E S S  ---------------

Threads class SMR info:
_java_thread_list=0x0000019b7a41c790, length=13, elements={
0x0000019b58832800, 0x0000019b7a0b1000, 0x0000019b7a0bd000, 0x0000019b7a11a800,
0x0000019b7a11b800, 0x0000019b7a121000, 0x0000019b7a123800, 0x0000019b7a1fa800,
0x0000019b7a15d800, 0x0000019b7a459000, 0x0000019b7a4d2800, 0x0000019b7a49d800,
0x0000019b7a56e000
}

Java Threads: ( => current thread )
=>0x0000019b58832800 JavaThread "main" [_thread_in_native, id=8112, stack(0x00000013eb800000,0x00000013eb900000)]
  0x0000019b7a0b1000 JavaThread "Reference Handler" daemon [_thread_blocked, id=9760, stack(0x00000013ec500000,0x00000013ec600000)]
  0x0000019b7a0bd000 JavaThread "Finalizer" daemon [_thread_blocked, id=9872, stack(0x00000013ec600000,0x00000013ec700000)]
  0x0000019b7a11a800 JavaThread "Signal Dispatcher" daemon [_thread_blocked, id=10908, stack(0x00000013ec800000,0x00000013ec900000)]
  0x0000019b7a11b800 JavaThread "Attach Listener" daemon [_thread_blocked, id=10356, stack(0x00000013ec900000,0x00000013eca00000)]
  0x0000019b7a121000 JavaThread "C2 CompilerThread0" daemon [_thread_blocked, id=11336, stack(0x00000013eca00000,0x00000013ecb00000)]
  0x0000019b7a123800 JavaThread "C2 CompilerThread1" daemon [_thread_blocked, id=10964, stack(0x00000013ecb00000,0x00000013ecc00000)]
  0x0000019b7a1fa800 JavaThread "C1 CompilerThread2" daemon [_thread_blocked, id=11120, stack(0x00000013ecc00000,0x00000013ecd00000)]
  0x0000019b7a15d800 JavaThread "Sweeper thread" daemon [_thread_blocked, id=8928, stack(0x00000013ecd00000,0x00000013ece00000)]
  0x0000019b7a459000 JavaThread "Common-Cleaner" daemon [_thread_blocked, id=4196, stack(0x00000013ece00000,0x00000013ecf00000)]
  0x0000019b7a4d2800 JavaThread "Monitor Ctrl-Break" daemon [_thread_in_native, id=11820, stack(0x00000013ecf00000,0x00000013ed000000)]
  0x0000019b7a49d800 JavaThread "Service Thread" daemon [_thread_blocked, id=1000, stack(0x00000013ed000000,0x00000013ed100000)]
  0x0000019b7a56e000 JavaThread "Thread-0" [_thread_in_native, id=10740, stack(0x00000013ed200000,0x00000013ed300000)]

Other Threads:
  0x0000019b7a0af800 VMThread "VM Thread" [stack: 0x00000013ec400000,0x00000013ec500000] [id=9648]
  0x0000019b7a4a7800 WatcherThread [stack: 0x00000013ed100000,0x00000013ed200000] [id=10124]
  0x0000019b5884b800 GCTaskThread "GC Thread#0" [stack: 0x00000013eb900000,0x00000013eba00000] [id=716]
  0x0000019b5884d000 GCTaskThread "GC Thread#1" [stack: 0x00000013eba00000,0x00000013ebb00000] [id=12140]
  0x0000019b5884e800 GCTaskThread "GC Thread#2" [stack: 0x00000013ebb00000,0x00000013ebc00000] [id=11572]
  0x0000019b58851000 GCTaskThread "GC Thread#3" [stack: 0x00000013ebc00000,0x00000013ebd00000] [id=7180]
  0x0000019b5888a000 ConcurrentGCThread "G1 Main Marker" [stack: 0x00000013ebd00000,0x00000013ebe00000] [id=11880]
  0x0000019b5888e800 ConcurrentGCThread "G1 Conc#0" [stack: 0x00000013ebe00000,0x00000013ebf00000] [id=11072]
  0x0000019b588db800 ConcurrentGCThread "G1 Refine#0" [stack: 0x00000013ebf00000,0x00000013ec000000] [id=9984]
  0x0000019b588dc800 ConcurrentGCThread "G1 Refine#1" [stack: 0x00000013ec000000,0x00000013ec100000] [id=9232]
  0x0000019b588dd800 ConcurrentGCThread "G1 Refine#2" [stack: 0x00000013ec100000,0x00000013ec200000] [id=9752]
  0x0000019b588de800 ConcurrentGCThread "G1 Refine#3" [stack: 0x00000013ec200000,0x00000013ec300000] [id=996]
  0x0000019b588e2000 ConcurrentGCThread "G1 Young RemSet Sampling" [stack: 0x00000013ec300000,0x00000013ec400000] [id=11584]

Threads with active compile tasks:

VM state:not at safepoint (normal execution)

VM Mutex/Monitor currently owned by a thread: None

Heap address: 0x00000000c0400000, size: 1020 MB, Compressed Oops mode: 32-bit
Narrow klass base: 0x0000000000000000, Narrow klass shift: 3
Compressed class space size: 1073741824 Address: 0x0000000100000000

Heap:
 garbage-first heap   total 65536K, used 3072K [0x00000000c0400000, 0x0000000100000000)
  region size 1024K, 4 young (4096K), 0 survivors (0K)
 Metaspace       used 6817K, capacity 6882K, committed 7040K, reserved 1056768K
  class space    used 570K, capacity 612K, committed 640K, reserved 1048576K
Heap Regions: E=young(eden), S=young(survivor), O=old, HS=humongous(starts), HC=humongous(continues), CS=collection set, F=free, A=archive, TS=gc time stamp, AC=allocation context, TAMS=top-at-mark-start (previous, next)
|   0|0x00000000c0400000, 0x00000000c0400000, 0x00000000c0500000|  0%| F|  |TS  0|AC  0|TAMS 0x00000000c0400000, 0x00000000c0400000|
|   1|0x00000000c0500000, 0x00000000c0500000, 0x00000000c0600000|  0%| F|  |TS  0|AC  0|TAMS 0x00000000c0500000, 0x00000000c0500000|
|   2|0x00000000c0600000, 0x00000000c0600000, 0x00000000c0700000|  0%| F|  |TS  0|AC  0|TAMS 0x00000000c0600000, 0x00000000c0600000|
|   3|0x00000000c0700000, 0x00000000c0700000, 0x00000000c0800000|  0%| F|  |TS  0|AC  0|TAMS 0x00000000c0700000, 0x00000000c0700000|
|   4|0x00000000c0800000, 0x00000000c0800000, 0x00000000c0900000|  0%| F|  |TS  0|AC  0|TAMS 0x00000000c0800000, 0x00000000c0800000|
|   5|0x00000000c0900000, 0x00000000c0900000, 0x00000000c0a00000|  0%| F|  |TS  0|AC  0|TAMS 0x00000000c0900000, 0x00000000c0900000|
|   6|0x00000000c0a00000, 0x00000000c0a00000, 0x00000000c0b00000|  0%| F|  |TS  0|AC  0|TAMS 0x00000000c0a00000, 0x00000000c0a00000|
|   7|0x00000000c0b00000, 0x00000000c0b00000, 0x00000000c0c00000|  0%| F|  |TS  0|AC  0|TAMS 0x00000000c0b00000, 0x00000000c0b00000|
|   8|0x00000000c0c00000, 0x00000000c0c00000, 0x00000000c0d00000|  0%| F|  |TS  0|AC  0|TAMS 0x00000000c0c00000, 0x00000000c0c00000|
|   9|0x00000000c0d00000, 0x00000000c0d00000, 0x00000000c0e00000|  0%| F|  |TS  0|AC  0|TAMS 0x00000000c0d00000, 0x00000000c0d00000|
|  10|0x00000000c0e00000, 0x00000000c0e00000, 0x00000000c0f00000|  0%| F|  |TS  0|AC  0|TAMS 0x00000000c0e00000, 0x00000000c0e00000|
|  11|0x00000000c0f00000, 0x00000000c0f00000, 0x00000000c1000000|  0%| F|  |TS  0|AC  0|TAMS 0x00000000c0f00000, 0x00000000c0f00000|
|  12|0x00000000c1000000, 0x00000000c1000000, 0x00000000c1100000|  0%| F|  |TS  0|AC  0|TAMS 0x00000000c1000000, 0x00000000c1000000|
|  13|0x00000000c1100000, 0x00000000c1100000, 0x00000000c1200000|  0%| F|  |TS  0|AC  0|TAMS 0x00000000c1100000, 0x00000000c1100000|
|  14|0x00000000c1200000, 0x00000000c1200000, 0x00000000c1300000|  0%| F|  |TS  0|AC  0|TAMS 0x00000000c1200000, 0x00000000c1200000|
|  15|0x00000000c1300000, 0x00000000c1300000, 0x00000000c1400000|  0%| F|  |TS  0|AC  0|TAMS 0x00000000c1300000, 0x00000000c1300000|
|  16|0x00000000c1400000, 0x00000000c1400000, 0x00000000c1500000|  0%| F|  |TS  0|AC  0|TAMS 0x00000000c1400000, 0x00000000c1400000|
|  17|0x00000000c1500000, 0x00000000c1500000, 0x00000000c1600000|  0%| F|  |TS  0|AC  0|TAMS 0x00000000c1500000, 0x00000000c1500000|
|  18|0x00000000c1600000, 0x00000000c1600000, 0x00000000c1700000|  0%| F|  |TS  0|AC  0|TAMS 0x00000000c1600000, 0x00000000c1600000|
|  19|0x00000000c1700000, 0x00000000c1700000, 0x00000000c1800000|  0%| F|  |TS  0|AC  0|TAMS 0x00000000c1700000, 0x00000000c1700000|
|  20|0x00000000c1800000, 0x00000000c1800000, 0x00000000c1900000|  0%| F|  |TS  0|AC  0|TAMS 0x00000000c1800000, 0x00000000c1800000|
|  21|0x00000000c1900000, 0x00000000c1900000, 0x00000000c1a00000|  0%| F|  |TS  0|AC  0|TAMS 0x00000000c1900000, 0x00000000c1900000|
|  22|0x00000000c1a00000, 0x00000000c1a00000, 0x00000000c1b00000|  0%| F|  |TS  0|AC  0|TAMS 0x00000000c1a00000, 0x00000000c1a00000|
|  23|0x00000000c1b00000, 0x00000000c1b00000, 0x00000000c1c00000|  0%| F|  |TS  0|AC  0|TAMS 0x00000000c1b00000, 0x00000000c1b00000|
|  24|0x00000000c1c00000, 0x00000000c1c00000, 0x00000000c1d00000|  0%| F|  |TS  0|AC  0|TAMS 0x00000000c1c00000, 0x00000000c1c00000|
|  25|0x00000000c1d00000, 0x00000000c1d00000, 0x00000000c1e00000|  0%| F|  |TS  0|AC  0|TAMS 0x00000000c1d00000, 0x00000000c1d00000|
|  26|0x00000000c1e00000, 0x00000000c1e00000, 0x00000000c1f00000|  0%| F|  |TS  0|AC  0|TAMS 0x00000000c1e00000, 0x00000000c1e00000|
|  27|0x00000000c1f00000, 0x00000000c1f00000, 0x00000000c2000000|  0%| F|  |TS  0|AC  0|TAMS 0x00000000c1f00000, 0x00000000c1f00000|
|  28|0x00000000c2000000, 0x00000000c2000000, 0x00000000c2100000|  0%| F|  |TS  0|AC  0|TAMS 0x00000000c2000000, 0x00000000c2000000|
|  29|0x00000000c2100000, 0x00000000c2100000, 0x00000000c2200000|  0%| F|  |TS  0|AC  0|TAMS 0x00000000c2100000, 0x00000000c2100000|
|  30|0x00000000c2200000, 0x00000000c2200000, 0x00000000c2300000|  0%| F|  |TS  0|AC  0|TAMS 0x00000000c2200000, 0x00000000c2200000|
|  31|0x00000000c2300000, 0x00000000c2300000, 0x00000000c2400000|  0%| F|  |TS  0|AC  0|TAMS 0x00000000c2300000, 0x00000000c2300000|
|  32|0x00000000c2400000, 0x00000000c2400000, 0x00000000c2500000|  0%| F|  |TS  0|AC  0|TAMS 0x00000000c2400000, 0x00000000c2400000|
|  33|0x00000000c2500000, 0x00000000c2500000, 0x00000000c2600000|  0%| F|  |TS  0|AC  0|TAMS 0x00000000c2500000, 0x00000000c2500000|
|  34|0x00000000c2600000, 0x00000000c2600000, 0x00000000c2700000|  0%| F|  |TS  0|AC  0|TAMS 0x00000000c2600000, 0x00000000c2600000|
|  35|0x00000000c2700000, 0x00000000c2700000, 0x00000000c2800000|  0%| F|  |TS  0|AC  0|TAMS 0x00000000c2700000, 0x00000000c2700000|
|  36|0x00000000c2800000, 0x00000000c2800000, 0x00000000c2900000|  0%| F|  |TS  0|AC  0|TAMS 0x00000000c2800000, 0x00000000c2800000|
|  37|0x00000000c2900000, 0x00000000c2900000, 0x00000000c2a00000|  0%| F|  |TS  0|AC  0|TAMS 0x00000000c2900000, 0x00000000c2900000|
|  38|0x00000000c2a00000, 0x00000000c2a00000, 0x00000000c2b00000|  0%| F|  |TS  0|AC  0|TAMS 0x00000000c2a00000, 0x00000000c2a00000|
|  39|0x00000000c2b00000, 0x00000000c2b00000, 0x00000000c2c00000|  0%| F|  |TS  0|AC  0|TAMS 0x00000000c2b00000, 0x00000000c2b00000|
|  40|0x00000000c2c00000, 0x00000000c2c00000, 0x00000000c2d00000|  0%| F|  |TS  0|AC  0|TAMS 0x00000000c2c00000, 0x00000000c2c00000|
|  41|0x00000000c2d00000, 0x00000000c2d00000, 0x00000000c2e00000|  0%| F|  |TS  0|AC  0|TAMS 0x00000000c2d00000, 0x00000000c2d00000|
|  42|0x00000000c2e00000, 0x00000000c2e00000, 0x00000000c2f00000|  0%| F|  |TS  0|AC  0|TAMS 0x00000000c2e00000, 0x00000000c2e00000|
|  43|0x00000000c2f00000, 0x00000000c2f00000, 0x00000000c3000000|  0%| F|  |TS  0|AC  0|TAMS 0x00000000c2f00000, 0x00000000c2f00000|
|  44|0x00000000c3000000, 0x00000000c3000000, 0x00000000c3100000|  0%| F|  |TS  0|AC  0|TAMS 0x00000000c3000000, 0x00000000c3000000|
|  45|0x00000000c3100000, 0x00000000c3100000, 0x00000000c3200000|  0%| F|  |TS  0|AC  0|TAMS 0x00000000c3100000, 0x00000000c3100000|
|  46|0x00000000c3200000, 0x00000000c3200000, 0x00000000c3300000|  0%| F|  |TS  0|AC  0|TAMS 0x00000000c3200000, 0x00000000c3200000|
|  47|0x00000000c3300000, 0x00000000c3300000, 0x00000000c3400000|  0%| F|  |TS  0|AC  0|TAMS 0x00000000c3300000, 0x00000000c3300000|
|  48|0x00000000c3400000, 0x00000000c3400000, 0x00000000c3500000|  0%| F|  |TS  0|AC  0|TAMS 0x00000000c3400000, 0x00000000c3400000|
|  49|0x00000000c3500000, 0x00000000c3500000, 0x00000000c3600000|  0%| F|  |TS  0|AC  0|TAMS 0x00000000c3500000, 0x00000000c3500000|
|  50|0x00000000c3600000, 0x00000000c3600000, 0x00000000c3700000|  0%| F|  |TS  0|AC  0|TAMS 0x00000000c3600000, 0x00000000c3600000|
|  51|0x00000000c3700000, 0x00000000c3700000, 0x00000000c3800000|  0%| F|  |TS  0|AC  0|TAMS 0x00000000c3700000, 0x00000000c3700000|
|  52|0x00000000c3800000, 0x00000000c3800000, 0x00000000c3900000|  0%| F|  |TS  0|AC  0|TAMS 0x00000000c3800000, 0x00000000c3800000|
|  53|0x00000000c3900000, 0x00000000c3900000, 0x00000000c3a00000|  0%| F|  |TS  0|AC  0|TAMS 0x00000000c3900000, 0x00000000c3900000|
|  54|0x00000000c3a00000, 0x00000000c3a00000, 0x00000000c3b00000|  0%| F|  |TS  0|AC  0|TAMS 0x00000000c3a00000, 0x00000000c3a00000|
|  55|0x00000000c3b00000, 0x00000000c3b00000, 0x00000000c3c00000|  0%| F|  |TS  0|AC  0|TAMS 0x00000000c3b00000, 0x00000000c3b00000|
|  56|0x00000000c3c00000, 0x00000000c3c00000, 0x00000000c3d00000|  0%| F|  |TS  0|AC  0|TAMS 0x00000000c3c00000, 0x00000000c3c00000|
|  57|0x00000000c3d00000, 0x00000000c3d00000, 0x00000000c3e00000|  0%| F|  |TS  0|AC  0|TAMS 0x00000000c3d00000, 0x00000000c3d00000|
|  58|0x00000000c3e00000, 0x00000000c3e00000, 0x00000000c3f00000|  0%| F|  |TS  0|AC  0|TAMS 0x00000000c3e00000, 0x00000000c3e00000|
|  59|0x00000000c3f00000, 0x00000000c3f00000, 0x00000000c4000000|  0%| F|  |TS  0|AC  0|TAMS 0x00000000c3f00000, 0x00000000c3f00000|
|  60|0x00000000c4000000, 0x00000000c4100000, 0x00000000c4100000|100%| E|  |TS  0|AC  0|TAMS 0x00000000c4000000, 0x00000000c4000000|
|  61|0x00000000c4100000, 0x00000000c4200000, 0x00000000c4200000|100%| E|CS|TS  0|AC  0|TAMS 0x00000000c4100000, 0x00000000c4100000|
|  62|0x00000000c4200000, 0x00000000c4300000, 0x00000000c4300000|100%| E|CS|TS  0|AC  0|TAMS 0x00000000c4200000, 0x00000000c4200000|
|  63|0x00000000c4300000, 0x00000000c4400000, 0x00000000c4400000|100%| E|CS|TS  0|AC  0|TAMS 0x00000000c4300000, 0x00000000c4300000|

Card table byte_map: [0x0000019b74f00000,0x0000019b75100000] byte_map_base: 0x0000019b748fe000

Marking Bits (Prev, Next): (CMBitMap*) 0x0000019b5880e480, (CMBitMap*) 0x0000019b5880e4b8
 Prev Bits: [0x0000019b75300000, 0x0000019b762f0000)
 Next Bits: [0x0000019b762f0000, 0x0000019b772e0000)

Polling page: 0x0000019b56520000

CodeHeap 'non-profiled nmethods': size=120064Kb used=132Kb max_used=132Kb free=119931Kb
 bounds [0x0000019b6d1a0000, 0x0000019b6d410000, 0x0000019b746e0000]
CodeHeap 'profiled nmethods': size=120000Kb used=532Kb max_used=532Kb free=119468Kb
 bounds [0x0000019b65c70000, 0x0000019b65ee0000, 0x0000019b6d1a0000]
CodeHeap 'non-nmethods': size=5696Kb used=1057Kb max_used=1068Kb free=4638Kb
 bounds [0x0000019b656e0000, 0x0000019b65950000, 0x0000019b65c70000]
 total_blobs=850 nmethods=397 adapters=260
 compilation: enabled

Compilation events (10 events):
Event: 0.594 Thread 0x0000019b7a1fa800  389       3       java.lang.invoke.LambdaForm$Name::<init> (54 bytes)
Event: 0.595 Thread 0x0000019b7a1fa800 nmethod 389 0x0000019b65cf3510 code [0x0000019b65cf36e0, 0x0000019b65cf39f8]
Event: 0.595 Thread 0x0000019b7a1fa800  394       3       jdk.internal.org.objectweb.asm.ByteVector::put12 (64 bytes)
Event: 0.595 Thread 0x0000019b7a121000  395       4       java.lang.StringLatin1::charAt (28 bytes)
Event: 0.596 Thread 0x0000019b7a1fa800 nmethod 394 0x0000019b65cf3a90 code [0x0000019b65cf3c60, 0x0000019b65cf3ed0]
Event: 0.596 Thread 0x0000019b7a1fa800  393       3       jdk.internal.org.objectweb.asm.MethodWriter::visitVarInsn (300 bytes)
Event: 0.596 Thread 0x0000019b7a121000 nmethod 395 0x0000019b6d1c0910 code [0x0000019b6d1c0aa0, 0x0000019b6d1c0b18]
Event: 0.597 Thread 0x0000019b7a1fa800 nmethod 393 0x0000019b65cf4010 code [0x0000019b65cf4280, 0x0000019b65cf4cd0]
Event: 0.599 Thread 0x0000019b7a123800  397       4       java.lang.AbstractStringBuilder::isLatin1 (19 bytes)
Event: 0.600 Thread 0x0000019b7a123800 nmethod 397 0x0000019b6d1c0e10 code [0x0000019b6d1c0fa0, 0x0000019b6d1c1018]

GC Heap History (0 events):
No events

Deoptimization events (3 events):
Event: 0.132 Thread 0x0000019b58832800 Uncommon trap: reason=unstable_if action=reinterpret pc=0x0000019b6d1acef4 method=java.util.HashMap.putVal(ILjava/lang/Object;Ljava/lang/Object;ZZ)Ljava/lang/Object; @ 69 c2
Event: 0.137 Thread 0x0000019b58832800 Uncommon trap: reason=unstable_if action=reinterpret pc=0x0000019b6d1a6978 method=java.lang.String.isLatin1()Z @ 10 c2
Event: 0.142 Thread 0x0000019b58832800 Uncommon trap: reason=unstable_if action=reinterpret pc=0x0000019b6d1a42f0 method=java.lang.String.hashCode()I @ 14 c2

Classes redefined (0 events):
No events

Internal exceptions (4 events):
Event: 0.363 Thread 0x0000019b58832800 Exception <a 'java/io/FileNotFoundException'{0x00000000c41e76f8}> (0x00000000c41e76f8) thrown at [t:/workspace/open/src/hotspot/share/prims/jni.cpp, line 611]
Event: 0.403 Thread 0x0000019b58832800 Exception <a 'java/io/FileNotFoundException'{0x00000000c41f93c0}> (0x00000000c41f93c0) thrown at [t:/workspace/open/src/hotspot/share/prims/jni.cpp, line 611]
Event: 0.404 Thread 0x0000019b58832800 Exception <a 'java/io/FileNotFoundException'{0x00000000c4007c80}> (0x00000000c4007c80) thrown at [t:/workspace/open/src/hotspot/share/prims/jni.cpp, line 611]
Event: 0.425 Thread 0x0000019b58832800 Exception <a 'java/io/FileNotFoundException'{0x00000000c40193c8}> (0x00000000c40193c8) thrown at [t:/workspace/open/src/hotspot/share/prims/jni.cpp, line 611]

Events (10 events):
Event: 0.598 loading class java/util/regex/Pattern$Start
Event: 0.598 loading class java/util/regex/Pattern$Start done
Event: 0.598 loading class java/util/regex/Pattern$TreeInfo
Event: 0.598 loading class java/util/regex/Pattern$TreeInfo done
Event: 0.598 loading class java/util/regex/Matcher
Event: 0.599 loading class java/util/regex/MatchResult
Event: 0.599 loading class java/util/regex/MatchResult done
Event: 0.599 loading class java/util/regex/Matcher done
Event: 0.599 loading class java/util/regex/IntHashSet
Event: 0.599 loading class java/util/regex/IntHashSet done


Dynamic libraries:
0x00007ff715270000 - 0x00007ff7152ae000 	C:\Program Files\Java\jdk-10.0.1\bin\java.exe
0x00007ffe8e4c0000 - 0x00007ffe8e6a0000 	C:\Windows\SYSTEM32\ntdll.dll
0x00007ffe8d720000 - 0x00007ffe8d7ce000 	C:\Windows\System32\KERNEL32.DLL
0x00007ffe8a9c0000 - 0x00007ffe8ac26000 	C:\Windows\System32\KERNELBASE.dll
0x00007ffe8baa0000 - 0x00007ffe8bb41000 	C:\Windows\System32\ADVAPI32.dll
0x00007ffe8e180000 - 0x00007ffe8e21d000 	C:\Windows\System32\msvcrt.dll
0x00007ffe8bd60000 - 0x00007ffe8bdbb000 	C:\Windows\System32\sechost.dll
0x00007ffe8e060000 - 0x00007ffe8e17f000 	C:\Windows\System32\RPCRT4.dll
0x00007ffe8d830000 - 0x00007ffe8d9bf000 	C:\Windows\System32\USER32.dll
0x00007ffe8af00000 - 0x00007ffe8af20000 	C:\Windows\System32\win32u.dll
0x00007ffe8bcf0000 - 0x00007ffe8bd18000 	C:\Windows\System32\GDI32.dll
0x00007ffe8b670000 - 0x00007ffe8b803000 	C:\Windows\System32\gdi32full.dll
0x00007ffe8ae60000 - 0x00007ffe8aefb000 	C:\Windows\System32\msvcp_win.dll
0x00007ffe8a8c0000 - 0x00007ffe8a9b6000 	C:\Windows\System32\ucrtbase.dll
0x00007ffe7a580000 - 0x00007ffe7a7e9000 	C:\Windows\WinSxS\amd64_microsoft.windows.common-controls_6595b64144ccf1df_6.0.16299.431_none_15c7d3ee93659e73\COMCTL32.dll
0x00007ffe8dba0000 - 0x00007ffe8dea8000 	C:\Windows\System32\combase.dll
0x00007ffe804e0000 - 0x00007ffe804ea000 	C:\Windows\SYSTEM32\VERSION.dll
0x00007ffe8b8c0000 - 0x00007ffe8b932000 	C:\Windows\System32\bcryptPrimitives.dll
0x00007ffe8bd30000 - 0x00007ffe8bd5d000 	C:\Windows\System32\IMM32.DLL
0x00007ffe785f0000 - 0x00007ffe786df000 	C:\Program Files\Java\jdk-10.0.1\bin\msvcr120.dll
0x00007ffe84a20000 - 0x00007ffe84ac6000 	C:\Program Files\Java\jdk-10.0.1\bin\msvcp120.dll
0x00000000657a0000 - 0x0000000066210000 	C:\Program Files\Java\jdk-10.0.1\bin\server\jvm.dll
0x00007ffe8db90000 - 0x00007ffe8db98000 	C:\Windows\System32\PSAPI.DLL
0x00007ffe886e0000 - 0x00007ffe88703000 	C:\Windows\SYSTEM32\WINMM.dll
0x00007ffe7d5c0000 - 0x00007ffe7d5c9000 	C:\Windows\SYSTEM32\WSOCK32.dll
0x00007ffe883e0000 - 0x00007ffe8840a000 	C:\Windows\SYSTEM32\WINMMBASE.dll
0x00007ffe8deb0000 - 0x00007ffe8df1c000 	C:\Windows\System32\WS2_32.dll
0x00007ffe8b940000 - 0x00007ffe8b98a000 	C:\Windows\System32\cfgmgr32.dll
0x00007ffe84a10000 - 0x00007ffe84a1f000 	C:\Program Files\Java\jdk-10.0.1\bin\verify.dll
0x00007ffe850d0000 - 0x00007ffe85298000 	C:\Windows\SYSTEM32\DBGHELP.DLL
0x00007ffe84960000 - 0x00007ffe84989000 	C:\Windows\SYSTEM32\dbgcore.DLL
0x00007ffe784b0000 - 0x00007ffe784d7000 	C:\Program Files\Java\jdk-10.0.1\bin\java.dll
0x00007ffe77040000 - 0x00007ffe7706a000 	C:\Program Files\Java\jdk-10.0.1\bin\instrument.dll
0x00007ffe81490000 - 0x00007ffe814a6000 	C:\Program Files\Java\jdk-10.0.1\bin\zip.dll
0x00007ffe84a00000 - 0x00007ffe84a0a000 	C:\Program Files\Java\jdk-10.0.1\bin\jimage.dll
0x00007ffe8bdc0000 - 0x00007ffe8d1f8000 	C:\Windows\System32\SHELL32.dll
0x00007ffe8e220000 - 0x00007ffe8e2c6000 	C:\Windows\System32\shcore.dll
0x00007ffe8af20000 - 0x00007ffe8b667000 	C:\Windows\System32\windows.storage.dll
0x00007ffe8e2e0000 - 0x00007ffe8e331000 	C:\Windows\System32\shlwapi.dll
0x00007ffe8a8a0000 - 0x00007ffe8a8b1000 	C:\Windows\System32\kernel.appcore.dll
0x00007ffe8a850000 - 0x00007ffe8a89c000 	C:\Windows\System32\powrprof.dll
0x00007ffe8a830000 - 0x00007ffe8a84b000 	C:\Windows\System32\profapi.dll
0x00007ffe78dc0000 - 0x00007ffe78dda000 	C:\Program Files\Java\jdk-10.0.1\bin\net.dll
0x00007ffe82ec0000 - 0x00007ffe82f9e000 	C:\Windows\SYSTEM32\WINHTTP.dll
0x00007ffe8a040000 - 0x00007ffe8a0a6000 	C:\Windows\system32\mswsock.dll
0x00007ffe78580000 - 0x00007ffe78591000 	C:\Program Files\Java\jdk-10.0.1\bin\nio.dll
0x00007ffe6dfb0000 - 0x00007ffe6dfca000 	C:\Program Files\JetBrains\IntelliJ IDEA Community Edition 2018.1.2\bin\breakgen64.dll
0x0000000180000000 - 0x0000000180025000 	C:\Program Files\Java\jdk-10.0.1\bin\rxtxSerial.dll

dbghelp: loaded successfully - version: 4.0.5 - missing functions: none
symbol engine: initialized successfully - sym options: 0x614 - pdb path: .;C:\Program Files\Java\jdk-10.0.1\bin;C:\Windows\SYSTEM32;C:\Windows\WinSxS\amd64_microsoft.windows.common-controls_6595b64144ccf1df_6.0.16299.431_none_15c7d3ee93659e73;C:\Program Files\Java\jdk-10.0.1\bin\server;C:\Program Files\JetBrains\IntelliJ IDEA Community Edition 2018.1.2\bin

VM Arguments:
jvm_args: -javaagent:C:\Program Files\JetBrains\IntelliJ IDEA Community Edition 2018.1.2\lib\idea_rt.jar=49772:C:\Program Files\JetBrains\IntelliJ IDEA Community Edition 2018.1.2\bin -Dfile.encoding=UTF-8 
java_command: UsingSerialTool
java_class_path (initial): Z:\Users\barry\Desktop\Java file\PortAccessor\out\production\PortAccessor;Z:\Users\barry\Desktop\Java file\PortAccessor\SerialPortDemo.jar;Z:\Users\barry\Desktop\Java file\PortAccessor\lib\RXTXcomm.jar
Launcher Type: SUN_STANDARD

Logging:
Log output configuration:
#0: stdout all=warning uptime,level,tags
#1: stderr all=off uptime,level,tags

Environment Variables:
JAVA_HOME=C:\Program Files\Java\jdk-10.0.1
CLASSPATH=.;C:\Program Files\Java\jdk-10.0.1\bin;C:\Program Files\Java\jdk-10.0.1\lib\dt.jar;C:\Program Files\Java\jdk-10.0.1\lib\tools.jar
PATH=C:\Program Files (x86)\Common Files\Oracle\Java\javapath;C:\Program Files (x86)\Parallels\Parallels Tools\Applications;C:\Windows\system32;C:\Windows;C:\Windows\System32\Wbem;C:\Windows\System32\WindowsPowerShell\v1.0\;C:\Program Files\Java\jdk-10.0.1\bin;C:\Program Files\Java\jdk-10.0.1\jre\bin;C:\Users\barry\AppData\Local\Microsoft\WindowsApps;C:\Program Files (x86)\SDCC\bin
USERNAME=barry
OS=Windows_NT
PROCESSOR_IDENTIFIER=Intel64 Family 6 Model 158 Stepping 9, GenuineIntel



---------------  S Y S T E M  ---------------

OS: Windows 10 , 64 bit Build 16299 (10.0.16299.431)

CPU:total 4 (initial active 4) (4 cores per cpu, 1 threads per core) family 6 model 158 stepping 9, cmov, cx8, fxsr, mmx, sse, sse2, sse3, ssse3, sse4.1, sse4.2, popcnt, avx, avx2, aes, clmul, erms, 3dnowpref, lzcnt, tsc, bmi1, bmi2, adx, fma

Memory: 4k page, physical 4171084k(1547288k free), swap 4891980k(2048004k free)

vm_info: Java HotSpot(TM) 64-Bit Server VM (10.0.1+10) for windows-amd64 JRE (10.0.1+10), built on Mar 27 2018 02:27:48 by "mach5one" with MS VC++ 12.0 (VS2013)

END.
